<?xml version="1.0" encoding="UTF-8"?>
<!-- Generated by org.testng.reporters.JUnitReportReporter -->
<testsuite hostname="ISW-ENGR-EA1" name="ZenithScripts" tests="7" failures="0" timestamp="22 Jul 2019 14:33:39 GMT" time="16.417" errors="0">
  <testcase name="ZenithtransferOwnAccount" time="1.387" classname="ZenithScripts"/>
  <testcase name="ZenithBillers" time="8.653" classname="ZenithScripts"/>
  <testcase name="airTime" time="1.507" classname="ZenithScripts"/>
  <testcase name="ZenithSignIn" time="1.203" classname="ZenithScripts"/>
  <testcase name="ZenithTransferZenithAccount" time="1.460" classname="ZenithScripts"/>
  <testcase name="ZenithQuickTellerMerchant" time="1.087" classname="ZenithScripts"/>
  <testcase name="ZenithTransferOthers" time="1.120" classname="ZenithScripts"/>
</testsuite> <!-- ZenithScripts -->
