<?xml version="1.0" encoding="UTF-8"?>
<!-- Generated by org.testng.reporters.JUnitReportReporter -->
<testsuite skipped="0" hostname="ISW-ENGR-EA1" name="Sign_In" tests="1" failures="0" timestamp="24 Jun 2019 14:51:46 GMT" time="35.224" errors="0">
  <testcase name="ZenithSignIn" time="35.224" classname="Sign_In"/>
</testsuite> <!-- Sign_In -->
